2021-04-07T12:48:49.611398+0800 - Scraped Google Reviews for CMPB
2021-04-07T12:48:49.804079+0800 - 
2021-04-07T12:48:54.806866+0800 - 
2021-04-07T12:48:59.812485+0800 - 
2021-04-07T12:49:04.818062+0800 - 
2021-04-07T12:49:09.822161+0800 - 
2021-04-07T12:49:14.827295+0800 - 
2021-04-07T13:17:17.033364+0800 - 
2021-04-07T13:17:22.040445+0800 - 
2021-04-07T13:17:27.047516+0800 - 
2021-04-07T13:17:32.053113+0800 - 
2021-04-07T13:18:58.209588+0800 - 
2021-04-07T13:19:03.215924+0800 - 
2021-04-07T13:19:08.220440+0800 - 
2021-04-07T13:19:13.222937+0800 - 
2021-04-07T13:19:18.228859+0800 - 
2021-04-07T13:19:23.234064+0800 - 
2021-04-07T13:19:28.240633+0800 - 
2021-04-07T13:25:52.510403+0800 - Scraped Google Reviews for CMPB
2021-04-07T13:26:02.568117+0800 - Scraped Google Reviews for 
2021-04-07T13:26:11.782166+0800 - Scraped Google Reviews for 
2021-04-07T13:26:22.019546+0800 - Scraped Google Reviews for 
2021-04-07T13:26:54.536340+0800 - Scraped Google Reviews for 
2021-04-07T13:27:17.429542+0800 - Scraped FFI
2021-04-07T13:27:31.912181+0800 - Scraped Pes_D_dilemma
2021-04-07T13:28:21.838384+0800 - Scraped reservist
2021-04-07T13:30:50.044017+0800 - Scraped IPPT_IPT_RT
2021-04-07T13:31:03.927275+0800 - Scraped CMPB
2021-04-07T13:31:15.327086+0800 - 
2021-04-07T13:31:20.333294+0800 - 
2021-04-07T13:31:25.339875+0800 - 
2021-04-07T13:31:30.343406+0800 - 
2021-04-07T13:31:35.348374+0800 - 
2021-04-07T13:31:40.353859+0800 - 
2021-04-07T13:31:45.361083+0800 - 
2021-04-07T13:31:50.365937+0800 - 
2021-04-07T13:31:55.370364+0800 - 
2021-04-07T13:32:00.375092+0800 - 
2021-04-07T13:32:05.378582+0800 - 
2021-04-07T13:32:10.383407+0800 - 
2021-04-07T13:32:15.387158+0800 - 
2021-04-07T13:32:20.394537+0800 - 
2021-04-07T13:32:25.400801+0800 - 
2021-04-07T13:32:30.405938+0800 - 
2021-04-07T13:32:35.409327+0800 - 
2021-04-07T13:32:40.414849+0800 - 
2021-04-07T13:32:45.419545+0800 - 
2021-04-07T13:32:50.423667+0800 - 
2021-04-07T13:32:55.426606+0800 - 
2021-04-07T13:33:00.429989+0800 - 
2021-04-07T13:33:05.436537+0800 - 
2021-04-07T13:33:10.441651+0800 - 
2021-04-07T13:33:15.443448+0800 - 
2021-04-07T13:33:20.446589+0800 - 
2021-04-07T13:33:25.451356+0800 - 
2021-04-07T13:33:30.457539+0800 - 
2021-04-07T13:33:35.464219+0800 - 
2021-04-07T13:33:40.465972+0800 - 
2021-04-07T13:33:45.471102+0800 - 
2021-04-07T13:33:50.474893+0800 - 
2021-04-07T13:33:55.479172+0800 - 
2021-04-07T13:34:00.481436+0800 - 
2021-04-07T13:34:05.486422+0800 - 
2021-04-07T13:34:10.492594+0800 - 
2021-04-07T13:34:15.495312+0800 - 
2021-04-07T13:34:20.502747+0800 - 
2021-04-07T13:34:25.504448+0800 - 
2021-04-07T13:34:30.506890+0800 - 
2021-04-07T13:34:35.508631+0800 - 
2021-04-07T13:34:40.513905+0800 - 
2021-04-07T13:34:45.518130+0800 - 
2021-04-07T13:34:50.536695+0800 - 
2021-04-07T13:34:55.542200+0800 - 
2021-04-07T13:35:00.544346+0800 - 
2021-04-07T13:35:05.548891+0800 - 
2021-04-07T13:35:10.554261+0800 - 
2021-04-07T13:35:15.558078+0800 - 
2021-04-07T13:35:20.559461+0800 - 
2021-04-07T13:35:25.561931+0800 - 
2021-04-07T13:35:30.567756+0800 - 
2021-04-07T13:35:35.569444+0800 - 
2021-04-07T13:35:40.575145+0800 - 
2021-04-07T13:35:45.579460+0800 - 
2021-04-07T13:35:50.583506+0800 - 
2021-04-07T13:35:55.584968+0800 - 
2021-04-07T13:36:00.587150+0800 - 
2021-04-07T13:36:05.593012+0800 - 
2021-04-07T13:36:10.597833+0800 - 
2021-04-07T13:36:15.601898+0800 - 
2021-04-07T13:36:20.605942+0800 - 
2021-04-07T13:36:25.612201+0800 - 
2021-04-07T13:36:30.617260+0800 - 
2021-04-07T13:36:35.626052+0800 - 
2021-04-07T13:36:40.627860+0800 - 
2021-04-07T13:36:45.633454+0800 - 
2021-04-07T13:36:50.638296+0800 - 
2021-04-07T13:36:55.644365+0800 - 
2021-04-07T13:37:00.650132+0800 - 
2021-04-07T13:37:05.654546+0800 - 
2021-04-07T13:37:10.659597+0800 - 
2021-04-07T13:37:15.662357+0800 - 
2021-04-07T13:37:20.666426+0800 - 
2021-04-07T13:37:25.671379+0800 - 
2021-04-07T13:37:30.676191+0800 - 
2021-04-07T13:37:35.679565+0800 - 
2021-04-07T13:37:40.685476+0800 - 
2021-04-07T13:37:45.689829+0800 - 
2021-04-07T13:37:50.696693+0800 - 
2021-04-07T13:37:55.701287+0800 - 
2021-04-07T13:38:00.703126+0800 - 
2021-04-07T13:38:05.708777+0800 - 
2021-04-07T13:42:58.371936+0800 - 
2021-04-07T13:43:03.379112+0800 - 
2021-04-07T13:43:08.383501+0800 - 
2021-04-07T13:43:13.388077+0800 - 
2021-04-07T13:43:14.864467+0800 - Scraped Google Reviews for CMPB
2021-04-07T13:43:18.393149+0800 - 
2021-04-07T13:43:23.395412+0800 - 
2021-04-07T13:43:24.242087+0800 - Scraped Google Reviews for 
2021-04-07T13:43:28.402061+0800 - 
2021-04-07T13:43:32.763629+0800 - Scraped Google Reviews for 
2021-04-07T13:43:33.405124+0800 - 
2021-04-07T13:43:38.411482+0800 - 
2021-04-07T13:43:43.189392+0800 - Scraped Google Reviews for 
2021-04-07T13:43:43.413258+0800 - 
2021-04-07T13:43:48.418439+0800 - 
2021-04-07T13:43:53.421069+0800 - 
2021-04-07T13:43:58.424731+0800 - 
2021-04-07T13:44:03.426304+0800 - 
2021-04-07T13:44:08.431626+0800 - 
2021-04-07T13:44:13.437500+0800 - 
2021-04-07T13:44:16.646378+0800 - Scraped Google Reviews for 
2021-04-07T13:44:18.439106+0800 - 
2021-04-07T13:44:23.443731+0800 - 
2021-04-07T13:44:28.451634+0800 - 
2021-04-07T13:44:33.458594+0800 - 
2021-04-07T13:44:37.483398+0800 - 
2021-04-07T13:44:38.463206+0800 - 
2021-04-07T13:44:39.821075+0800 - Scraped FFI
2021-04-07T13:44:42.488864+0800 - 
2021-04-07T14:06:34.740512+0800 - 
2021-04-07T14:06:39.751170+0800 - 
2021-04-07T14:06:44.756881+0800 - 
2021-04-07T14:06:49.762829+0800 - 
2021-04-07T14:06:54.767127+0800 - 
2021-04-07T14:06:59.769447+0800 - 
2021-04-07T14:07:03.707334+0800 - Scraped Google Reviews for CMPB
2021-04-07T14:07:04.778027+0800 - 
2021-04-07T14:07:09.790024+0800 - 
2021-04-07T14:07:14.795424+0800 - 
2021-04-07T14:07:17.263701+0800 - Scraped Google Reviews for BedokFCC
2021-04-07T14:07:19.800280+0800 - 
2021-04-07T14:07:24.805410+0800 - 
2021-04-07T14:07:28.631693+0800 - Scraped Google Reviews for MajuFCC
2021-04-07T14:07:29.809825+0800 - 
2021-04-07T14:07:34.815004+0800 - 
2021-04-07T14:07:39.818464+0800 - 
2021-04-07T14:07:44.824032+0800 - 
2021-04-07T14:07:49.830142+0800 - 
2021-04-07T14:07:54.834709+0800 - 
2021-04-07T14:07:59.836565+0800 - 
2021-04-07T14:08:04.840839+0800 - 
2021-04-07T14:08:09.846592+0800 - 
2021-04-07T14:08:14.851869+0800 - 
2021-04-07T14:08:19.876356+0800 - 
2021-04-07T16:12:50.467898+0800 - 
2021-04-07T16:12:55.475703+0800 - 
2021-04-07T16:13:00.480465+0800 - 
2021-04-07T16:13:05.486423+0800 - 
2021-04-07T16:13:10.490428+0800 - 
2021-04-07T16:13:15.495162+0800 - 
2021-04-07T16:13:20.496636+0800 - 
2021-04-07T16:13:21.233826+0800 - Scraped Google Reviews for CMPB
2021-04-07T16:13:25.500603+0800 - 
2021-04-07T16:13:30.506799+0800 - 
2021-04-07T16:13:33.255744+0800 - Scraped Google Reviews for BedokFCC
2021-04-07T16:13:35.510804+0800 - 
2021-04-07T16:13:40.512769+0800 - 
2021-04-07T16:13:43.913015+0800 - Scraped Google Reviews for MajuFCC
2021-04-07T16:13:45.519412+0800 - 
2021-04-07T16:13:50.525903+0800 - 
2021-04-07T16:13:55.217357+0800 - Scraped Google Reviews for KranjiFCC
2021-04-07T16:13:55.531586+0800 - 
2021-04-07T16:14:00.536688+0800 - 
2021-04-07T16:14:05.544379+0800 - 
2021-04-07T16:14:10.549563+0800 - 
2021-04-07T16:14:15.553412+0800 - 
2021-04-07T16:14:20.558918+0800 - 
2021-04-07T16:14:25.562739+0800 - 
2021-04-07T16:14:30.568803+0800 - 
2021-04-07T16:14:33.931716+0800 - Scraped Google Reviews for ClementiCamp
2021-04-07T16:14:35.571538+0800 - 
2021-04-07T16:14:40.575694+0800 - 
2021-04-07T16:14:45.577849+0800 - 
2021-04-07T16:14:50.580639+0800 - 
2021-04-07T16:14:55.586233+0800 - 
2021-04-07T16:14:59.195325+0800 - Scraped FFI
2021-04-07T16:15:00.588947+0800 - 
2021-04-07T16:15:05.596394+0800 - 
2021-04-07T16:15:10.597857+0800 - 
2021-04-07T16:15:13.855423+0800 - Scraped Pes_D_dilemma
2021-04-07T16:15:15.604183+0800 - 
2021-04-07T16:15:20.614350+0800 - 
2021-04-07T16:15:25.619999+0800 - 
2021-04-07T16:15:30.624092+0800 - 
2021-04-07T16:15:35.635385+0800 - 
2021-04-07T16:15:40.642967+0800 - 
2021-04-07T16:15:45.648799+0800 - 
2021-04-07T16:15:50.655162+0800 - 
2021-04-07T16:15:55.660847+0800 - 
2021-04-07T16:16:00.666239+0800 - 
2021-04-07T16:16:05.053975+0800 - Scraped reservist
2021-04-07T16:19:33.799226+0800 - Scraped IPPT_IPT_RT
2021-04-07T16:19:48.160492+0800 - Scraped CMPB
2021-04-07T17:26:11.881546+0800 - 
2021-04-07T17:26:16.890071+0800 - 
2021-04-07T17:26:21.894110+0800 - 
2021-04-07T17:26:26.897756+0800 - 
2021-04-07T17:26:31.901681+0800 - 
2021-04-07T17:26:36.904188+0800 - 
2021-04-07T17:26:41.910190+0800 - 
2021-04-07T17:26:46.915387+0800 - 
2021-04-07T17:26:51.920215+0800 - 
2021-04-07T17:26:56.924716+0800 - 
2021-04-07T17:27:01.925711+0800 - 
2021-04-07T17:27:06.930673+0800 - 
2021-04-07T17:27:11.936407+0800 - 
2021-04-07T17:27:16.941488+0800 - 
2021-04-07T17:27:21.945499+0800 - 
2021-04-07T17:27:26.950280+0800 - 
2021-04-07T17:27:31.951759+0800 - 
2021-04-07T17:27:36.957093+0800 - 
2021-04-07T17:27:41.962136+0800 - 
2021-04-07T17:27:46.964014+0800 - 
2021-04-07T17:27:51.966780+0800 - 
2021-04-07T17:27:56.967876+0800 - 
2021-04-07T17:28:01.973587+0800 - 
2021-04-07T17:28:06.980757+0800 - 
2021-04-07T17:28:11.985201+0800 - 
2021-04-07T17:28:16.991129+0800 - 
2021-04-07T17:28:21.996436+0800 - 
2021-04-07T17:28:27.001376+0800 - 
2021-04-07T17:28:32.006736+0800 - 
2021-04-07T17:28:37.009950+0800 - 
2021-04-07T17:28:42.015826+0800 - 
2021-04-07T17:28:47.021405+0800 - 
2021-04-07T17:28:52.027356+0800 - 
2021-04-07T17:28:57.031767+0800 - 
2021-04-07T17:29:02.035038+0800 - 
2021-04-07T17:29:07.039929+0800 - 
2021-04-07T17:29:12.043401+0800 - 
2021-04-07T17:29:17.046159+0800 - 
2021-04-07T17:29:22.049861+0800 - 
2021-04-07T17:29:27.055796+0800 - 
2021-04-07T17:29:32.061040+0800 - 
2021-04-07T17:29:37.065239+0800 - 
2021-04-07T17:29:42.070220+0800 - 
2021-04-07T17:29:47.073771+0800 - 
2021-04-07T17:29:52.078423+0800 - 
2021-04-07T17:29:57.083044+0800 - 
2021-04-07T17:30:02.084576+0800 - 
2021-04-07T17:30:07.091002+0800 - 
2021-04-07T17:30:12.094401+0800 - 
2021-04-07T17:30:17.096446+0800 - 
2021-04-07T17:30:22.101419+0800 - 
2021-04-07T17:30:27.106266+0800 - 
2021-04-07T17:30:32.109170+0800 - 
2021-04-07T17:30:37.111683+0800 - 
2021-04-07T17:30:42.116905+0800 - 
2021-04-07T17:30:47.122073+0800 - 
2021-04-07T17:30:52.126376+0800 - 
2021-04-07T17:30:57.129832+0800 - 
2021-04-07T17:31:02.133596+0800 - 
2021-04-07T17:31:07.136400+0800 - 
2021-04-07T17:31:12.141953+0800 - 
2021-04-07T17:31:17.145622+0800 - 
2021-04-07T17:31:22.148595+0800 - 
2021-04-07T17:31:27.150167+0800 - 
2021-04-07T17:31:32.154111+0800 - 
2021-04-07T17:31:37.155306+0800 - 
2021-04-07T17:31:42.160712+0800 - 
2021-04-07T17:31:47.163725+0800 - 
2021-04-07T17:31:52.169200+0800 - 
2021-04-07T17:31:57.170725+0800 - 
2021-04-07T17:32:02.175456+0800 - 
2021-04-07T17:32:07.179283+0800 - 
2021-04-07T17:32:12.185677+0800 - 
2021-04-07T17:32:17.189010+0800 - 
2021-04-07T17:32:22.194776+0800 - 
2021-04-07T17:32:27.198529+0800 - 
2021-04-07T17:32:32.201038+0800 - 
2021-04-07T17:32:37.206226+0800 - 
2021-04-07T17:32:42.210965+0800 - 
2021-04-07T17:32:47.213355+0800 - 
2021-04-07T17:32:52.220358+0800 - 
2021-04-07T17:32:57.226074+0800 - 
2021-04-07T17:33:02.231472+0800 - 
2021-04-07T17:33:07.235291+0800 - 
2021-04-07T17:33:12.237748+0800 - 
2021-04-07T17:33:17.243605+0800 - 
2021-04-07T17:33:22.246949+0800 - 
2021-04-07T17:33:27.251846+0800 - 
2021-04-07T17:33:32.253522+0800 - 
2021-04-07T17:33:37.254566+0800 - 
2021-04-07T17:33:42.259078+0800 - 
2021-04-07T17:33:47.261306+0800 - 
2021-04-07T17:33:52.267463+0800 - 
2021-04-07T17:33:57.272322+0800 - 
2021-04-07T17:34:02.277189+0800 - 
2021-04-07T17:34:07.282504+0800 - 
2021-04-07T17:34:12.287759+0800 - 
2021-04-07T17:34:17.292343+0800 - 
2021-04-07T17:34:22.297768+0800 - 
2021-04-07T17:34:27.302504+0800 - 
2021-04-07T17:34:32.308053+0800 - 
2021-04-07T17:34:37.311725+0800 - 
2021-04-07T17:34:42.314725+0800 - 
2021-04-07T17:34:47.320113+0800 - 
2021-04-07T17:34:52.323644+0800 - 
2021-04-07T17:34:57.355526+0800 - 
2021-04-07T17:35:02.359126+0800 - 
2021-04-07T17:35:07.364149+0800 - 
2021-04-07T17:35:12.369541+0800 - 
2021-04-07T17:35:17.375098+0800 - 
2021-04-07T17:35:22.380975+0800 - 
2021-04-07T17:35:27.394315+0800 - 
2021-04-07T17:35:32.400335+0800 - 
2021-04-07T17:35:37.403882+0800 - 
2021-04-07T17:35:42.410144+0800 - 
2021-04-07T17:35:47.412294+0800 - 
2021-04-07T17:35:52.420663+0800 - 
2021-04-07T17:35:57.425400+0800 - 
2021-04-07T17:36:02.434373+0800 - 
2021-04-07T17:36:07.438838+0800 - 
2021-04-07T17:36:12.446490+0800 - 
2021-04-07T17:36:17.453939+0800 - 
2021-04-07T17:36:22.459544+0800 - 
2021-04-07T17:36:27.464374+0800 - 
2021-04-07T17:36:32.475715+0800 - 
2021-04-07T17:36:37.482732+0800 - 
2021-04-07T17:36:42.486309+0800 - 
2021-04-07T17:36:47.497867+0800 - 
2021-04-07T17:36:52.499807+0800 - 
2021-04-07T17:36:57.506428+0800 - 
2021-04-07T17:37:02.513308+0800 - 
2021-04-07T17:37:07.521240+0800 - 
2021-04-07T17:37:12.529485+0800 - 
2021-04-07T17:37:17.534857+0800 - 
2021-04-07T17:37:22.541296+0800 - 
2021-04-07T17:37:27.545790+0800 - 
2021-04-07T17:37:32.550861+0800 - 
2021-04-07T17:37:37.554386+0800 - 
2021-04-07T17:37:42.560066+0800 - 
2021-04-07T17:37:47.564143+0800 - 
2021-04-07T17:37:52.566486+0800 - 
2021-04-07T17:37:57.575417+0800 - 
2021-04-07T17:38:02.581111+0800 - 
2021-04-07T17:38:07.586443+0800 - 
2021-04-07T17:38:12.591360+0800 - 
2021-04-07T17:38:17.592896+0800 - 
2021-04-07T17:38:22.595754+0800 - 
2021-04-07T17:38:27.604221+0800 - 
2021-04-07T17:38:32.613053+0800 - 
2021-04-07T17:38:37.619281+0800 - 
2021-04-07T17:38:41.699629+0800 - 
2021-04-07T17:38:46.708431+0800 - 
2021-04-11T11:14:50.923561+0800 - 
2021-04-11T11:14:55.929726+0800 - 
2021-04-11T11:15:00.931604+0800 - 
2021-04-11T11:15:05.933420+0800 - 
2021-04-11T11:15:10.935401+0800 - 
2021-04-11T11:15:15.937125+0800 - 
2021-04-11T11:15:20.940259+0800 - 
2021-04-11T11:15:25.946963+0800 - 
2021-04-11T11:15:30.950649+0800 - 
2021-04-11T11:15:35.955897+0800 - 
2021-04-11T11:15:40.959869+0800 - 
2021-04-11T11:15:45.960720+0800 - 
2021-04-11T11:15:50.963267+0800 - 
2021-04-11T11:15:55.968739+0800 - 
2021-04-11T11:16:00.969693+0800 - 
2021-04-11T11:16:05.973757+0800 - 
2021-04-11T11:16:10.978619+0800 - 
2021-04-11T11:16:15.983703+0800 - 
2021-04-11T11:16:20.988221+0800 - 
2021-04-11T11:16:25.989195+0800 - 
2021-04-11T11:16:30.994569+0800 - 
2021-04-11T11:16:35.995694+0800 - 
2021-04-11T11:16:41.000419+0800 - 
2021-04-11T11:16:46.004081+0800 - 
2021-04-11T11:16:51.007633+0800 - 
2021-04-11T11:16:56.008286+0800 - 
2021-04-11T11:17:01.013835+0800 - 
2021-04-11T11:17:06.018356+0800 - 
2021-04-11T11:17:11.023355+0800 - 
2021-04-11T11:17:16.024803+0800 - 
2021-04-11T11:17:21.029772+0800 - 
2021-04-11T11:17:26.035087+0800 - 
2021-04-11T11:17:31.037160+0800 - 
2021-04-11T11:17:36.037805+0800 - 
2021-04-11T11:17:41.038665+0800 - 
2021-04-11T11:17:46.039840+0800 - 
2021-04-11T11:17:51.041511+0800 - 
2021-04-11T11:17:56.043862+0800 - 
2021-04-11T11:18:01.045489+0800 - 
2021-04-11T11:18:06.049029+0800 - 
2021-04-11T11:18:11.053793+0800 - 
2021-04-11T11:18:16.059974+0800 - 
2021-04-11T11:18:21.064074+0800 - 
2021-04-11T11:18:26.066811+0800 - 
2021-04-11T11:18:31.072717+0800 - 
2021-04-11T11:18:36.077401+0800 - 
2021-04-11T11:18:41.083559+0800 - 
2021-04-11T11:18:46.085601+0800 - 
2021-04-11T11:18:51.088611+0800 - 
2021-04-11T11:18:56.089813+0800 - 
2021-04-11T11:19:01.091759+0800 - 
2021-04-11T11:19:06.097103+0800 - 
2021-04-11T11:19:11.098558+0800 - 
2021-04-11T11:19:16.101621+0800 - 
2021-04-11T11:19:21.104145+0800 - 
2021-04-11T11:19:26.109396+0800 - 
2021-04-11T11:19:31.115085+0800 - 
2021-04-11T11:19:36.120867+0800 - 
2021-04-11T11:19:41.124924+0800 - 
2021-04-11T11:19:46.129637+0800 - 
2021-04-11T11:19:51.131271+0800 - 
2021-04-11T11:19:56.137409+0800 - 
2021-04-11T11:20:01.140409+0800 - 
2021-04-11T11:20:06.141661+0800 - 
2021-04-11T11:20:11.143005+0800 - 
2021-04-11T11:20:16.148561+0800 - 
2021-04-11T11:20:21.151030+0800 - 
2021-04-11T11:20:26.156108+0800 - 
2021-04-11T11:20:31.159880+0800 - 
2021-04-11T11:20:36.164025+0800 - 
2021-04-11T11:20:41.166565+0800 - 
2021-04-11T11:20:46.169043+0800 - 
2021-04-11T11:20:51.171089+0800 - 
2021-04-11T11:20:56.176408+0800 - 
2021-04-11T11:21:01.181791+0800 - 
2021-04-11T11:21:06.186177+0800 - 
2021-04-11T11:21:11.189632+0800 - 
2021-04-11T11:21:16.190788+0800 - 
2021-04-11T11:23:55.859081+0800 - 
2021-04-11T11:24:00.864649+0800 - 
2021-04-11T11:40:29.770608+0800 - 
2021-04-11T11:40:34.779555+0800 - 
2021-04-11T11:40:39.782623+0800 - 
2021-04-11T11:40:44.786806+0800 - 
2021-04-11T11:40:49.788368+0800 - 
2021-04-11T11:40:54.791749+0800 - 
2021-04-11T11:40:59.794524+0800 - 
2021-04-11T11:41:04.803505+0800 - 
2021-04-11T11:41:09.808367+0800 - 
2021-04-11T11:41:14.810599+0800 - 
2021-04-11T11:41:19.812305+0800 - 
2021-04-11T11:41:24.815883+0800 - 
2021-04-11T11:41:29.820271+0800 - 
2021-04-11T11:41:34.823319+0800 - 
2021-04-11T11:41:39.824541+0800 - 
2021-04-11T11:41:44.828238+0800 - 
2021-04-11T11:41:49.832405+0800 - 
2021-04-11T11:41:54.833551+0800 - 
2021-04-11T11:41:59.834497+0800 - 
2021-04-11T11:42:04.840002+0800 - 
2021-04-11T11:42:09.841607+0800 - 
2021-04-11T11:42:14.846435+0800 - 
2021-04-11T11:42:19.847371+0800 - 
2021-04-11T11:42:24.849844+0800 - 
2021-04-11T11:42:29.854188+0800 - 
2021-04-11T11:42:34.867743+0800 - 
2021-04-11T11:42:39.872070+0800 - 
2021-04-11T11:42:44.878148+0800 - 
2021-04-11T11:42:49.881873+0800 - 
2021-04-11T11:42:54.884939+0800 - 
2021-04-11T11:42:59.885964+0800 - 
2021-04-11T11:43:04.891582+0800 - 
2021-04-11T11:43:09.897830+0800 - 
2021-04-11T11:43:14.902246+0800 - 
2021-04-11T11:43:19.907470+0800 - 
2021-04-11T11:43:24.910863+0800 - 
2021-04-11T11:43:29.915640+0800 - 
2021-04-11T11:43:34.919658+0800 - 
2021-04-11T11:43:39.923584+0800 - 
2021-04-11T11:43:44.926602+0800 - 
2021-04-11T11:43:49.928505+0800 - 
2021-04-11T11:43:54.932328+0800 - 
2021-04-11T11:43:59.937066+0800 - 
2021-04-11T11:44:04.942338+0800 - 
2021-04-11T11:44:09.944237+0800 - 
2021-04-11T11:44:14.949556+0800 - 
2021-04-11T11:44:19.955433+0800 - 
2021-04-11T11:44:24.960559+0800 - 
2021-04-11T11:44:29.962389+0800 - 
2021-04-11T11:44:34.963959+0800 - 
2021-04-11T11:44:39.968135+0800 - 
2021-04-11T11:44:44.972237+0800 - 
2021-04-11T11:44:49.977532+0800 - 
2021-04-11T11:44:54.980410+0800 - 
2021-04-11T11:44:59.983569+0800 - 
2021-04-11T11:45:04.988398+0800 - 
2021-04-11T11:45:09.990592+0800 - 
2021-04-11T11:48:08.223195+0800 - 
2021-04-11T11:48:13.232181+0800 - 
2021-04-11T11:48:18.236532+0800 - 
2021-04-11T11:48:23.238783+0800 - 
2021-04-11T11:48:28.240643+0800 - 
2021-04-11T11:48:33.246073+0800 - 
2021-04-11T11:48:38.248749+0800 - 
2021-04-11T11:48:43.249865+0800 - 
2021-04-11T11:48:48.254378+0800 - 
2021-04-11T11:48:53.260120+0800 - 
2021-04-11T11:48:58.265058+0800 - 
2021-04-11T11:49:03.269309+0800 - 
2021-04-11T11:49:08.270178+0800 - 
2021-04-11T11:49:13.273149+0800 - 
2021-04-11T11:49:18.275987+0800 - 
2021-04-11T11:49:23.280607+0800 - 
2021-04-11T11:49:28.288168+0800 - 
2021-04-11T11:49:33.293774+0800 - 
2021-04-11T11:49:38.296924+0800 - 
2021-04-11T11:49:43.299442+0800 - 
2021-04-11T11:49:48.301038+0800 - 
2021-04-11T11:49:53.301806+0800 - 
2021-04-11T11:49:58.308065+0800 - 
2021-04-11T11:50:03.311301+0800 - 
2021-04-11T11:50:08.314698+0800 - 
2021-04-11T11:50:13.317642+0800 - 
2021-04-11T11:50:18.321247+0800 - 
2021-04-11T11:50:23.325649+0800 - 
2021-04-11T11:50:28.330766+0800 - 
2021-04-11T11:50:33.336452+0800 - 
2021-04-11T11:50:38.338424+0800 - 
2021-04-11T11:50:43.341520+0800 - 
2021-04-11T11:50:48.347183+0800 - 
2021-04-11T11:50:53.350582+0800 - 
2021-04-11T11:50:58.352489+0800 - 
2021-04-11T11:51:03.357401+0800 - 
2021-04-11T11:51:08.361572+0800 - 
2021-04-11T11:51:13.366934+0800 - 
2021-04-11T11:51:18.372772+0800 - 
2021-04-11T11:51:23.378470+0800 - 
2021-04-11T11:51:28.381525+0800 - 
2021-04-11T11:51:33.385626+0800 - 
2021-04-11T11:51:38.390925+0800 - 
2021-04-11T11:51:43.395815+0800 - 
2021-04-11T11:51:48.398489+0800 - 
2021-04-11T11:51:53.399851+0800 - 
2021-04-11T11:51:58.401653+0800 - 
2021-04-11T11:52:03.406692+0800 - 
2021-04-11T11:52:08.411557+0800 - 
2021-04-11T11:52:13.415499+0800 - 
2021-04-11T11:52:18.418391+0800 - 
2021-04-11T11:52:23.424426+0800 - 
2021-04-11T11:52:28.430514+0800 - 
2021-04-11T11:52:33.436058+0800 - 
2021-04-11T11:52:38.440579+0800 - 
2021-04-11T11:52:43.445748+0800 - 
2021-04-11T11:52:48.450943+0800 - 
2021-04-11T12:05:01.354199+0800 - 
2021-04-11T12:05:06.362870+0800 - 
2021-04-11T12:05:11.370678+0800 - 
2021-04-11T12:05:16.372642+0800 - 
2021-04-11T12:05:21.377768+0800 - 
2021-04-11T12:05:26.381810+0800 - 
2021-04-11T12:05:31.385715+0800 - 
2021-04-11T12:05:36.386669+0800 - 
2021-04-11T12:05:41.388554+0800 - 
2021-04-11T12:05:46.392337+0800 - 
2021-04-11T12:05:51.396906+0800 - 
2021-04-11T12:05:56.398053+0800 - 
2021-04-11T12:06:01.401533+0800 - 
2021-04-11T12:06:06.407848+0800 - 
2021-04-11T12:06:11.414864+0800 - 
2021-04-11T12:06:16.417087+0800 - 
2021-04-11T12:06:21.421403+0800 - 
2021-04-11T12:06:26.426033+0800 - 
2021-04-11T12:06:31.430275+0800 - 
2021-04-11T12:06:36.434856+0800 - 
2021-04-11T12:06:41.437891+0800 - 
2021-04-11T12:06:46.438851+0800 - 
2021-04-11T12:06:51.441129+0800 - 
2021-04-11T12:06:56.446708+0800 - 
2021-04-11T12:07:01.450815+0800 - 
2021-04-11T12:07:06.456649+0800 - 
2021-04-11T12:07:11.466747+0800 - 
2021-04-11T12:07:16.469341+0800 - 
2021-04-11T12:07:21.473041+0800 - 
2021-04-11T12:07:26.477958+0800 - 
2021-04-11T12:07:31.482291+0800 - 
2021-04-11T12:07:36.486573+0800 - 
2021-04-11T12:07:41.489067+0800 - 
2021-04-11T12:07:46.494465+0800 - 
2021-04-11T12:07:51.498338+0800 - 
2021-04-11T12:07:56.501057+0800 - 
2021-04-11T12:08:01.504982+0800 - 
2021-04-11T12:08:06.510925+0800 - 
2021-04-11T12:08:11.515130+0800 - 
2021-04-11T12:08:16.518555+0800 - 
2021-04-11T12:08:21.522462+0800 - 
2021-04-11T12:08:26.523816+0800 - 
2021-04-11T12:08:31.528799+0800 - 
2021-04-11T12:08:36.531753+0800 - 
2021-04-11T12:08:41.539299+0800 - 
2021-04-11T12:08:46.540620+0800 - 
2021-04-11T12:08:51.545913+0800 - 
2021-04-11T12:08:56.553854+0800 - 
2021-04-11T12:09:01.556851+0800 - 
2021-04-11T12:09:06.562460+0800 - 
2021-04-11T12:09:11.575063+0800 - 
2021-04-11T12:09:16.581209+0800 - 
2021-04-11T12:09:21.583895+0800 - 
2021-04-11T12:09:26.587934+0800 - 
2021-04-11T12:09:31.588852+0800 - 
2021-04-11T12:09:36.592084+0800 - 
2021-04-11T12:09:41.595765+0800 - 
2021-04-11T12:09:46.601269+0800 - 
2021-04-11T12:09:51.608318+0800 - 
2021-04-11T12:09:56.614138+0800 - 
2021-04-11T12:10:01.616609+0800 - 
2021-04-11T12:10:06.629850+0800 - 
2021-04-11T12:10:11.633700+0800 - 
2021-04-11T12:10:16.639222+0800 - 
2021-04-11T12:10:21.641375+0800 - 
2021-04-11T12:10:26.647289+0800 - 
2021-04-11T12:10:31.652274+0800 - 
2021-04-11T12:10:36.653308+0800 - 
2021-04-11T12:10:41.657244+0800 - 
2021-04-11T12:10:46.660793+0800 - 
2021-04-11T12:10:51.665252+0800 - 
2021-04-11T12:10:56.669594+0800 - 
2021-04-11T12:11:01.674149+0800 - 
2021-04-11T12:11:06.679029+0800 - 
2021-04-11T12:11:11.684621+0800 - 
2021-04-11T12:11:16.688871+0800 - 
2021-04-11T12:11:21.690898+0800 - 
2021-04-11T12:11:26.694508+0800 - 
2021-04-11T12:11:31.697632+0800 - 
2021-04-11T12:11:36.703818+0800 - 
2021-04-11T12:11:41.707101+0800 - 
2021-04-11T12:11:46.711281+0800 - 
2021-04-11T12:11:51.716682+0800 - 
2021-04-11T12:11:56.721935+0800 - 
2021-04-11T12:12:01.727422+0800 - 
2021-04-11T12:12:06.732046+0800 - 
2021-04-11T12:12:11.737723+0800 - 
2021-04-11T12:12:16.742306+0800 - 
2021-04-11T12:12:21.744702+0800 - 
2021-04-11T12:12:26.746407+0800 - 
2021-04-11T12:12:31.747935+0800 - 
2021-04-11T12:12:36.752888+0800 - 
2021-04-11T12:12:41.757885+0800 - 
2021-04-11T12:12:46.763230+0800 - 
2021-04-11T12:12:51.768307+0800 - 
2021-04-11T12:13:53.742378+0800 - 
2021-04-11T12:13:58.747617+0800 - 
2021-04-11T12:14:03.748480+0800 - 
2021-04-11T12:14:08.750408+0800 - 
2021-04-11T12:14:13.754871+0800 - 
2021-04-11T12:14:18.758443+0800 - 
2021-04-11T12:14:23.762193+0800 - 
2021-04-11T12:14:28.766064+0800 - 
2021-04-11T12:14:33.770729+0800 - 
2021-04-11T12:14:38.771344+0800 - 
2021-04-11T12:14:43.776251+0800 - 
2021-04-11T12:14:48.779115+0800 - 
2021-04-11T12:14:53.784981+0800 - 
2021-04-11T12:14:58.790830+0800 - 
2021-04-11T12:15:03.796488+0800 - 
2021-04-11T12:15:08.801038+0800 - 
2021-04-11T12:15:13.801858+0800 - 
2021-04-11T12:15:18.802673+0800 - 
2021-04-11T12:15:23.807830+0800 - 
2021-04-11T12:15:28.816027+0800 - 
2021-04-11T12:15:33.817888+0800 - 
2021-04-11T12:15:38.822386+0800 - 
2021-04-11T12:15:43.826355+0800 - 
2021-04-11T12:15:48.829346+0800 - 
2021-04-11T12:15:53.832420+0800 - 
2021-04-11T12:15:58.836890+0800 - 
2021-04-11T12:16:03.840185+0800 - 
2021-04-11T12:16:08.843177+0800 - 
2021-04-11T12:16:13.848280+0800 - 
2021-04-11T12:16:18.853156+0800 - 
2021-04-11T12:16:23.856952+0800 - 
2021-04-11T12:16:28.861919+0800 - 
2021-04-11T12:16:33.865614+0800 - 
2021-04-11T12:16:38.871409+0800 - 
2021-04-11T12:16:43.876885+0800 - 
2021-04-11T12:16:48.878159+0800 - 
2021-04-11T12:16:53.882603+0800 - 
2021-04-11T12:16:58.888743+0800 - 
2021-04-11T12:17:03.895119+0800 - 
2021-04-11T12:17:08.899802+0800 - 
2021-04-11T12:17:13.903112+0800 - 
2021-04-11T12:17:18.908525+0800 - 
2021-04-11T12:17:23.912958+0800 - 
2021-04-11T12:17:28.918664+0800 - 
2021-04-11T12:17:33.925428+0800 - 
2021-04-11T12:17:38.927754+0800 - 
2021-04-11T12:17:43.930581+0800 - 
2021-04-11T12:17:48.936761+0800 - 
2021-04-11T12:17:53.941369+0800 - 
2021-04-11T12:17:58.944928+0800 - 
2021-04-11T12:18:03.946288+0800 - 
2021-04-11T12:18:08.961411+0800 - 
2021-04-11T12:18:13.968240+0800 - 
2021-04-11T12:18:18.970261+0800 - 
2021-04-11T12:18:23.976198+0800 - 
2021-04-11T12:18:28.980986+0800 - 
2021-04-11T12:18:33.982918+0800 - 
2021-04-11T12:18:38.988902+0800 - 
2021-04-11T12:18:43.991167+0800 - 
2021-04-11T12:18:49.000985+0800 - 
2021-04-11T12:18:54.004011+0800 - 
2021-04-11T12:18:59.007458+0800 - 
2021-04-11T12:19:04.011937+0800 - 
2021-04-11T12:19:09.016736+0800 - 
2021-04-11T12:19:14.020367+0800 - 
2021-04-11T12:19:19.023909+0800 - 
2021-04-11T12:21:34.094369+0800 - 
2021-04-11T12:21:39.101302+0800 - 
2021-04-11T12:21:44.106693+0800 - 
2021-04-11T12:21:49.110968+0800 - 
2021-04-11T12:21:54.114453+0800 - 
2021-04-11T12:21:59.119577+0800 - 
2021-04-11T12:22:04.123991+0800 - 
2021-04-11T12:22:09.125221+0800 - 
2021-04-11T12:22:14.127484+0800 - 
2021-04-11T12:22:19.132587+0800 - 
2021-04-11T12:22:24.133312+0800 - 
2021-04-11T12:22:29.134445+0800 - 
2021-04-11T12:22:34.143602+0800 - 
2021-04-11T12:22:39.149609+0800 - 
2021-04-11T12:22:44.152923+0800 - 
2021-04-11T12:22:49.159306+0800 - 
2021-04-11T12:22:54.160692+0800 - 
2021-04-11T12:22:59.162088+0800 - 
2021-04-11T12:23:04.167996+0800 - 
2021-04-11T12:23:09.171415+0800 - 
2021-04-11T12:23:14.173915+0800 - 
2021-04-11T12:23:19.178613+0800 - 
2021-04-11T12:23:24.184245+0800 - 
2021-04-11T12:23:29.185868+0800 - 
2021-04-11T12:23:34.189938+0800 - 
2021-04-11T12:23:39.197093+0800 - 
2021-04-11T12:23:44.199095+0800 - 
2021-04-11T12:23:49.202507+0800 - 
2021-04-11T12:23:54.204526+0800 - 
2021-04-11T12:23:59.210128+0800 - 
2021-04-11T12:24:04.211844+0800 - 
2021-04-11T12:24:09.213839+0800 - 
2021-04-11T12:24:14.215437+0800 - 
2021-04-11T12:24:19.216341+0800 - 
2021-04-11T12:24:24.217206+0800 - 
2021-04-11T12:24:29.218637+0800 - 
2021-04-11T12:24:34.223525+0800 - 
2021-04-11T12:24:39.225117+0800 - 
2021-04-11T12:24:44.226942+0800 - 
2021-04-11T12:24:49.236403+0800 - 
2021-04-11T12:24:54.254303+0800 - 
2021-04-11T12:24:59.276252+0800 - 
2021-04-11T12:25:04.277986+0800 - 
2021-04-11T12:25:09.282371+0800 - 
2021-04-11T12:25:14.287028+0800 - 
2021-04-11T12:25:19.290317+0800 - 
2021-04-11T12:25:24.291885+0800 - 
2021-04-11T12:25:29.295446+0800 - 
2021-04-11T12:25:34.299567+0800 - 
2021-04-11T12:25:39.310279+0800 - 
2021-04-11T12:25:44.316469+0800 - 
2021-04-11T12:25:49.320226+0800 - 
2021-04-11T12:25:54.336835+0800 - 
2021-04-11T12:25:59.341659+0800 - 
2021-04-11T12:26:04.343572+0800 - 
2021-04-11T12:26:09.345209+0800 - 
2021-04-11T12:26:14.347942+0800 - 
2021-04-11T12:26:19.353251+0800 - 
2021-04-11T12:26:24.359383+0800 - 
2021-04-11T12:26:29.363975+0800 - 
2021-04-11T12:26:34.368199+0800 - 
2021-04-11T12:26:39.371335+0800 - 
2021-04-11T12:26:44.376913+0800 - 
2021-04-11T12:26:49.384893+0800 - 
2021-04-11T12:26:54.390535+0800 - 
2021-04-11T12:26:59.393414+0800 - 
2021-04-11T12:27:04.396657+0800 - 
2021-04-11T12:29:04.106721+0800 - 
2021-04-11T12:29:09.112683+0800 - 
2021-04-11T12:29:14.118142+0800 - 
2021-04-11T12:29:19.123877+0800 - 
2021-04-11T12:29:24.130240+0800 - 
2021-04-11T12:29:29.135791+0800 - 
2021-04-11T12:29:34.137049+0800 - 
2021-04-11T12:29:39.140831+0800 - 
2021-04-11T12:29:44.145628+0800 - 
2021-04-11T12:29:49.147507+0800 - 
2021-04-11T12:29:54.152084+0800 - 
2021-04-11T12:29:59.153198+0800 - 
2021-04-11T12:30:04.153982+0800 - 
2021-04-11T12:30:09.155118+0800 - 
2021-04-11T12:30:14.157912+0800 - 
2021-04-11T12:30:19.162756+0800 - 
2021-04-11T12:30:24.167396+0800 - 
2021-04-11T12:30:29.170073+0800 - 
2021-04-11T12:30:34.173786+0800 - 
2021-04-11T12:30:39.177641+0800 - 
2021-04-11T12:30:44.182946+0800 - 
2021-04-11T12:30:49.184935+0800 - 
2021-04-11T12:30:54.189020+0800 - 
2021-04-11T12:30:59.190735+0800 - 
2021-04-11T12:31:04.195963+0800 - 
2021-04-11T12:31:09.203314+0800 - 
2021-04-11T12:31:14.206140+0800 - 
2021-04-11T12:31:19.207976+0800 - 
2021-04-11T12:31:24.211681+0800 - 
2021-04-11T12:31:29.217418+0800 - 
2021-04-11T12:31:34.223194+0800 - 
2021-04-11T12:31:39.226226+0800 - 
2021-04-11T12:31:44.229784+0800 - 
2021-04-11T12:31:49.235350+0800 - 
2021-04-11T12:31:54.243981+0800 - 
2021-04-11T12:31:59.247351+0800 - 
2021-04-11T12:32:04.249673+0800 - 
2021-04-11T12:32:09.252238+0800 - 
2021-04-11T12:32:14.256763+0800 - 
2021-04-11T12:32:19.258051+0800 - 
2021-04-11T12:32:24.263866+0800 - 
2021-04-11T12:32:29.267629+0800 - 
2021-04-11T12:32:34.273469+0800 - 
2021-04-11T12:32:39.279314+0800 - 
2021-04-11T12:32:44.282863+0800 - 
2021-04-11T12:32:49.286133+0800 - 
2021-04-11T12:32:54.288036+0800 - 
2021-04-11T12:32:59.289906+0800 - 
2021-04-11T12:33:04.291954+0800 - 
2021-04-11T12:33:09.298089+0800 - 
2021-04-11T12:33:14.299563+0800 - 
2021-04-11T12:33:19.302160+0800 - 
2021-04-11T12:33:24.304175+0800 - 
2021-04-11T12:33:29.306283+0800 - 
2021-04-11T12:33:34.307687+0800 - 
2021-04-11T12:33:39.313573+0800 - 
2021-04-11T12:33:44.316299+0800 - 
2021-04-11T12:33:49.318586+0800 - 
2021-04-11T12:33:54.325271+0800 - 
2021-04-11T12:33:59.327475+0800 - 
2021-04-11T12:34:04.332357+0800 - 
2021-04-11T12:34:09.338366+0800 - 
2021-04-11T12:34:14.340859+0800 - 
2021-04-11T12:34:19.342935+0800 - 
2021-04-11T12:34:24.348873+0800 - 
2021-04-11T12:34:29.352881+0800 - 
2021-04-11T12:34:34.357482+0800 - 
2021-04-11T12:34:39.360033+0800 - 
2021-04-11T12:34:44.364922+0800 - 
2021-04-11T12:34:49.370286+0800 - 
2021-04-11T12:34:54.376985+0800 - 
2021-04-11T12:34:59.381341+0800 - 
2021-04-11T12:35:04.386571+0800 - 
2021-04-11T12:36:07.266370+0800 - 
2021-04-11T12:36:12.269020+0800 - 
2021-04-11T12:36:17.271054+0800 - 
2021-04-11T12:36:22.276523+0800 - 
2021-04-11T12:36:27.280577+0800 - 
2021-04-11T12:36:32.284521+0800 - 
2021-04-11T12:36:37.289159+0800 - 
2021-04-11T12:36:42.292399+0800 - 
2021-04-11T12:36:47.297468+0800 - 
2021-04-11T12:36:52.303096+0800 - 
2021-04-11T12:36:57.308492+0800 - 
2021-04-11T12:37:02.313370+0800 - 
2021-04-11T12:37:07.315733+0800 - 
2021-04-11T12:37:12.319817+0800 - 
2021-04-11T12:37:17.323103+0800 - 
2021-04-11T12:37:22.324223+0800 - 
2021-04-11T12:37:27.327193+0800 - 
2021-04-11T12:37:32.330909+0800 - 
2021-04-11T12:37:37.334645+0800 - 
2021-04-11T12:37:42.338921+0800 - 
2021-04-11T12:37:47.343698+0800 - 
2021-04-11T12:37:52.348099+0800 - 
2021-04-11T12:37:57.353089+0800 - 
2021-04-11T12:38:02.356613+0800 - 
2021-04-11T12:38:07.359545+0800 - 
2021-04-11T12:38:12.364336+0800 - 
2021-04-11T12:38:17.368826+0800 - 
2021-04-11T12:38:22.370247+0800 - 
2021-04-11T12:38:27.373778+0800 - 
2021-04-11T12:38:32.378654+0800 - 
2021-04-11T12:38:37.382493+0800 - 
2021-04-11T12:38:42.386643+0800 - 
2021-04-11T12:38:47.389899+0800 - 
2021-04-11T12:38:52.395794+0800 - 
2021-04-11T12:38:57.404030+0800 - 
2021-04-11T12:39:02.408111+0800 - 
2021-04-11T12:39:07.410434+0800 - 
2021-04-11T12:39:12.415476+0800 - 
2021-04-11T12:39:17.417335+0800 - 
2021-04-11T12:39:22.419158+0800 - 
2021-04-11T12:39:27.422945+0800 - 
2021-04-11T12:39:32.426455+0800 - 
2021-04-11T12:39:37.432974+0800 - 
2021-04-11T12:39:42.437580+0800 - 
2021-04-11T12:39:47.438878+0800 - 
2021-04-11T12:39:52.442287+0800 - 
2021-04-11T12:39:57.446997+0800 - 
2021-04-11T12:40:02.450230+0800 - 
2021-04-11T12:40:07.452444+0800 - 
2021-04-11T12:40:12.455594+0800 - 
2021-04-11T12:40:17.460018+0800 - 
2021-04-11T12:40:22.466009+0800 - 
2021-04-11T12:40:27.468506+0800 - 
2021-04-11T12:40:32.474129+0800 - 
2021-04-11T12:40:37.478021+0800 - 
2021-04-11T12:40:42.487727+0800 - 
2021-04-11T12:40:47.493506+0800 - 
2021-04-11T12:40:52.498411+0800 - 
2021-04-11T12:40:57.500047+0800 - 
2021-04-11T12:41:02.502477+0800 - 
2021-04-11T12:41:07.504566+0800 - 
2021-04-11T12:41:12.509010+0800 - 
2021-04-11T12:41:17.511636+0800 - 
2021-04-11T12:41:22.515038+0800 - 
2021-04-11T12:41:27.519810+0800 - 
2021-04-11T12:41:32.525188+0800 - 
2021-04-11T12:41:37.527251+0800 - 
2021-04-11T12:41:42.533267+0800 - 
2021-04-11T12:41:47.537307+0800 - 
2021-04-11T12:41:52.539076+0800 - 
2021-04-11T12:41:57.543585+0800 - 
2021-04-11T12:42:02.546048+0800 - 
2021-04-11T12:42:07.550574+0800 - 
2021-04-11T12:42:12.555599+0800 - 
2021-04-11T12:42:17.558336+0800 - 
2021-04-11T12:50:23.613391+0800 - 
2021-04-11T12:50:28.619719+0800 - 
2021-04-11T12:50:33.625730+0800 - 
2021-04-11T12:50:38.630910+0800 - 
2021-04-11T12:50:43.633282+0800 - 
2021-04-11T12:50:48.638122+0800 - 
2021-04-11T12:50:53.639681+0800 - 
2021-04-11T12:50:58.645762+0800 - 
2021-04-11T12:51:03.651538+0800 - 
2021-04-11T12:51:08.655030+0800 - 
2021-04-11T12:51:13.660377+0800 - 
2021-04-11T12:51:18.665757+0800 - 
2021-04-11T12:52:03.575466+0800 - 
2021-04-11T12:52:08.580488+0800 - 
2021-04-11T12:52:13.585200+0800 - 
2021-04-11T12:52:18.587421+0800 - 
2021-04-11T12:52:23.591043+0800 - 
2021-04-11T12:52:28.595920+0800 - 
2021-04-11T12:52:33.600598+0800 - 
2021-04-11T12:52:38.603901+0800 - 
2021-04-11T12:52:43.609923+0800 - 
2021-04-11T12:52:48.611606+0800 - 
2021-04-11T12:52:53.617242+0800 - 
2021-04-11T12:52:58.618713+0800 - 
2021-04-11T12:53:03.623723+0800 - 
2021-04-11T12:53:08.629667+0800 - 
2021-04-11T12:53:13.631293+0800 - 
2021-04-11T12:53:18.642840+0800 - 
2021-04-11T12:53:23.643984+0800 - 
2021-04-11T12:53:28.646470+0800 - 
2021-04-11T12:53:33.651959+0800 - 
2021-04-11T12:53:38.655897+0800 - 
2021-04-11T12:53:43.659769+0800 - 
2021-04-11T12:53:48.680969+0800 - 
2021-04-11T12:53:53.682419+0800 - 
2021-04-11T12:53:58.686846+0800 - 
2021-04-11T12:54:03.689604+0800 - 
2021-04-11T12:54:08.731704+0800 - 
2021-04-11T12:54:13.735217+0800 - 
2021-04-11T12:54:18.736525+0800 - 
2021-04-11T12:54:23.738934+0800 - 
2021-04-11T12:54:28.742246+0800 - 
2021-04-11T12:54:33.743921+0800 - 
2021-04-11T12:54:38.745448+0800 - 
2021-04-11T12:54:43.747302+0800 - 
2021-04-11T12:54:48.748734+0800 - 
2021-04-11T12:54:53.750675+0800 - 
2021-04-11T12:54:58.752741+0800 - 
2021-04-11T12:55:03.757567+0800 - 
2021-04-11T12:55:08.761163+0800 - 
2021-04-11T12:55:13.762376+0800 - 
2021-04-11T12:55:18.763975+0800 - 
2021-04-11T12:55:23.765404+0800 - 
2021-04-11T12:55:28.770736+0800 - 
2021-04-11T12:55:33.775543+0800 - 
2021-04-11T12:55:38.778353+0800 - 
2021-04-11T12:55:43.783744+0800 - 
2021-04-11T12:55:48.786022+0800 - 
2021-04-11T12:55:53.788059+0800 - 
2021-04-11T12:55:58.793844+0800 - 
2021-04-11T12:56:03.794874+0800 - 
2021-04-11T12:56:08.798522+0800 - 
2021-04-11T12:56:13.804210+0800 - 
2021-04-11T12:56:18.810001+0800 - 
2021-04-11T12:56:23.812849+0800 - 
2021-04-11T12:56:28.817735+0800 - 
2021-04-11T12:56:33.822359+0800 - 
2021-04-11T12:56:38.828430+0800 - 
2021-04-11T12:56:43.829631+0800 - 
2021-04-11T12:56:48.836686+0800 - 
2021-04-11T12:56:53.838207+0800 - 
2021-04-11T12:56:58.840240+0800 - 
2021-04-11T12:57:03.843912+0800 - 
2021-04-11T12:57:08.844940+0800 - 
2021-04-11T12:57:13.846819+0800 - 
2021-04-11T12:57:18.851738+0800 - 
2021-04-11T12:57:23.855593+0800 - 
2021-04-11T16:41:38.308357+0800 - 
2021-04-11T16:41:43.314700+0800 - 
2021-04-11T16:41:48.317446+0800 - 
2021-04-11T16:41:53.322834+0800 - 
2021-04-11T16:41:58.330623+0800 - 
2021-04-11T16:42:03.337305+0800 - 
2021-04-11T16:42:08.343174+0800 - 
2021-04-11T16:42:13.349220+0800 - 
2021-04-11T16:42:48.246314+0800 - 
2021-04-11T16:42:53.252703+0800 - 
2021-04-11T16:42:58.256063+0800 - 
2021-04-11T16:44:28.771634+0800 - 
2021-04-11T16:44:33.774935+0800 - 
2021-04-11T16:44:38.780252+0800 - 
2021-04-11T16:44:43.786195+0800 - 
2021-04-11T16:44:48.068532+0800 - 
Scraped Google Reviews for
2021-04-11T16:44:48.792726+0800 - 
2021-04-11T16:44:53.798180+0800 - 
2021-04-11T16:44:57.284381+0800 - Scraped Google Reviews for
2021-04-11T16:44:58.799474+0800 - 
2021-04-11T16:45:03.802139+0800 - 
2021-04-11T16:45:06.368939+0800 - Scraped Google Reviews for
2021-04-11T16:45:08.806591+0800 - 
2021-04-11T16:45:13.811594+0800 - 
2021-04-11T16:45:17.565300+0800 - Scraped Google Reviews for
2021-04-11T16:45:18.815981+0800 - 
2021-04-11T16:45:23.821312+0800 - 
2021-04-11T16:45:28.824276+0800 - 
2021-04-11T16:45:33.825261+0800 - 
2021-04-11T16:45:38.826242+0800 - 
2021-04-11T16:45:43.831857+0800 - 
2021-04-11T16:45:48.833318+0800 - 
2021-04-11T16:45:49.787264+0800 - Scraped Google Reviews for
2021-04-11T16:45:53.835338+0800 - 
2021-04-11T16:45:58.840308+0800 - 
2021-04-11T16:46:03.844569+0800 - 
2021-04-11T16:46:08.847493+0800 - 
2021-04-11T16:46:13.853223+0800 - 
2021-04-11T16:46:18.857759+0800 - 
2021-04-11T16:46:23.859611+0800 - 
2021-04-11T16:46:28.863959+0800 - 
2021-04-11T16:46:33.864642+0800 - 
2021-04-11T16:46:38.865834+0800 - 
2021-04-11T16:46:43.870879+0800 - 
2021-04-11T16:46:48.874832+0800 - 
2021-04-11T16:46:53.879354+0800 - 
2021-04-11T16:46:58.883743+0800 - 
2021-04-11T16:47:03.887911+0800 - 
2021-04-11T16:47:08.888713+0800 - 
2021-04-11T16:47:13.893828+0800 - 
2021-04-11T16:47:18.898762+0800 - 
2021-04-11T16:47:23.902349+0800 - 
2021-04-11T16:47:28.904160+0800 - 
2021-04-11T16:47:33.909663+0800 - 
2021-04-11T16:47:38.911934+0800 - 
2021-04-11T16:47:43.913142+0800 - 
2021-04-11T16:47:48.918604+0800 - 
2021-04-11T16:47:53.923453+0800 - 
2021-04-11T16:47:58.927403+0800 - 
2021-04-11T16:48:03.931798+0800 - 
2021-04-11T16:48:08.937532+0800 - 
2021-04-11T16:48:13.938249+0800 - 
2021-04-11T16:48:18.939042+0800 - 
2021-04-11T16:48:23.940164+0800 - 
2021-04-11T16:48:28.941097+0800 - 
2021-04-11T16:48:30.690734+0800 - 
Scraped HardwareZone 1
2021-04-11T16:48:33.945764+0800 - 
2021-04-11T16:48:38.948330+0800 - 
2021-04-11T16:48:43.952534+0800 - 
2021-04-11T16:48:48.954284+0800 - 
2021-04-11T16:48:50.132010+0800 - 
Scraped HardwareZone 2
2021-04-11T16:48:53.956148+0800 - 
2021-04-11T16:48:58.961713+0800 - 
2021-04-11T16:49:03.966198+0800 - 
2021-04-11T16:49:08.970823+0800 - 
2021-04-11T16:49:13.974698+0800 - 
2021-04-11T16:49:18.978992+0800 - 
2021-04-11T16:49:23.983293+0800 - 
2021-04-11T16:49:28.988362+0800 - 
2021-04-11T16:49:29.586410+0800 - 
Scraped HardwareZone 3
2021-04-11T16:49:33.993336+0800 - 
2021-04-11T16:49:38.995045+0800 - 
2021-04-11T16:49:43.997913+0800 - 
2021-04-11T16:49:48.999198+0800 - 
2021-04-11T16:49:54.001253+0800 - 
2021-04-11T16:49:59.003513+0800 - 
2021-04-11T16:50:04.008019+0800 - 
2021-04-11T16:50:09.013498+0800 - 
2021-04-11T16:50:14.015323+0800 - 
2021-04-11T16:50:19.016441+0800 - 
2021-04-11T16:50:24.018406+0800 - 
2021-04-11T16:50:29.019629+0800 - 
2021-04-11T16:50:34.021417+0800 - 
2021-04-11T16:50:39.026733+0800 - 
2021-04-11T16:50:44.030087+0800 - 
2021-04-11T16:50:49.034407+0800 - 
2021-04-11T16:50:54.039583+0800 - 
2021-04-11T16:50:58.399216+0800 - 
Scraped Reddit
2021-04-11T16:50:59.045004+0800 - 
2021-04-11T16:50:59.989128+0800 - 
Done getting content data from Firebase!
2021-04-11T16:51:04.046999+0800 - 
2021-04-11T16:51:09.049495+0800 - 
2021-04-11T16:51:14.054011+0800 - 
2021-04-11T16:51:19.055163+0800 - 
2021-04-11T16:51:24.060159+0800 - 
2021-04-11T16:51:29.066001+0800 - 
2021-04-11T16:51:34.068306+0800 - 
2021-04-11T16:51:39.069904+0800 - 
2021-04-11T16:51:44.071910+0800 - 
2021-04-11T16:51:49.073595+0800 - 
2021-04-11T16:51:54.078617+0800 - 
2021-04-11T16:51:59.079477+0800 - 
2021-04-11T16:52:04.557995+0800 - 
2021-04-11T16:52:09.596911+0800 - 
2021-04-11T16:52:13.436463+0800 - 
Done extracting entities!
2021-04-11T16:52:14.629843+0800 - 
2021-04-11T16:52:19.635237+0800 - 
2021-04-11T16:52:24.638176+0800 - 
2021-04-11T16:52:29.641905+0800 - 
2021-04-12T18:16:04.510102+0800 - 
2021-04-12T18:16:09.516381+0800 - 
2021-04-12T18:16:14.520216+0800 - 
2021-04-12T18:16:19.523762+0800 - 
2021-04-12T18:16:24.527403+0800 - 
2021-04-12T18:16:29.532077+0800 - 
2021-04-12T18:16:34.538365+0800 - 
2021-04-12T18:16:39.544405+0800 - 
2021-04-12T18:17:17.136603+0800 - 
2021-04-12T18:17:18.640645+0800 - 
Done getting content data from Firebase!
2021-04-12T18:17:22.232706+0800 - 
2021-04-12T18:17:27.252967+0800 - 
2021-04-12T18:17:32.254473+0800 - 
2021-04-12T18:17:37.258789+0800 - 
2021-04-12T18:17:42.260032+0800 - 
2021-04-12T18:17:47.260987+0800 - 
2021-04-12T18:17:52.262199+0800 - 
2021-04-12T18:17:57.263056+0800 - 
2021-04-12T18:18:53.688029+0800 - 
2021-04-12T18:18:55.713170+0800 - 
Done getting content data from Firebase!
2021-04-12T18:18:58.692360+0800 - 
2021-04-12T18:19:03.693147+0800 - 
2021-04-12T18:19:08.705318+0800 - 
2021-04-12T18:19:13.710523+0800 - 
2021-04-12T18:19:18.715111+0800 - 
2021-04-12T18:19:23.719529+0800 - 
2021-04-12T18:19:28.724901+0800 - 
2021-04-12T18:19:33.729642+0800 - 
2021-04-12T18:19:38.735610+0800 - 
2021-04-12T18:19:43.739265+0800 - 
2021-04-12T18:19:48.740434+0800 - 
2021-04-12T18:19:53.744389+0800 - 
2021-04-12T18:19:58.747508+0800 - 
2021-04-12T18:20:03.753392+0800 - 
2021-04-12T18:20:08.869469+0800 - 
2021-04-12T18:20:15.384797+0800 - 
2021-04-12T18:20:20.411104+0800 - 
2021-04-12T18:20:24.280739+0800 - 
Done extracting entities!
2021-04-12T18:20:25.440079+0800 - 
2021-04-12T18:20:30.442889+0800 - 
2021-04-12T18:21:26.258784+0800 - 
2021-04-12T18:21:28.134739+0800 - 
Done getting content data from Firebase!
2021-04-12T18:21:31.281841+0800 - 
2021-04-12T18:21:36.283422+0800 - 
2021-04-12T18:21:41.286555+0800 - 
2021-04-12T18:21:46.291993+0800 - 
2021-04-12T18:21:51.295084+0800 - 
2021-04-12T18:21:56.299062+0800 - 
2021-04-12T18:22:01.300807+0800 - 
2021-04-12T18:22:06.304921+0800 - 
2021-04-12T18:22:11.306379+0800 - 
2021-04-12T18:22:16.311964+0800 - 
2021-04-12T18:22:21.316059+0800 - 
2021-04-12T18:22:27.319339+0800 - 
2021-04-12T18:22:32.336879+0800 - 
2021-04-12T18:22:35.643899+0800 - 
Done extracting entities!
2021-04-12T18:22:37.352874+0800 - 
2021-04-12T18:22:42.355843+0800 - 
2021-04-12T18:22:47.357915+0800 - 
2021-04-12T18:22:52.359622+0800 - 
2021-04-12T18:22:57.364815+0800 - 
2021-04-12T18:23:02.370498+0800 - 
2021-04-12T18:23:07.372596+0800 - 
2021-04-12T18:23:39.052899+0800 - 
2021-04-12T18:23:40.748716+0800 - 
Done getting content data from Firebase!
2021-04-12T18:23:44.057267+0800 - 
2021-04-12T18:23:49.062990+0800 - 
2021-04-12T18:23:54.065538+0800 - 
2021-04-12T18:23:59.070164+0800 - 
2021-04-12T18:24:04.073818+0800 - 
2021-04-12T18:24:09.078278+0800 - 
2021-04-12T18:24:14.082975+0800 - 
2021-04-12T18:24:19.088703+0800 - 
2021-04-12T18:24:24.093078+0800 - 
2021-04-12T18:24:29.095873+0800 - 
2021-04-12T18:24:34.100015+0800 - 
2021-04-12T18:24:39.101665+0800 - 
2021-04-12T18:24:44.111205+0800 - 
2021-04-12T18:24:49.151940+0800 - 
2021-04-12T18:24:51.001162+0800 - 
Done extracting entities!
2021-04-12T18:24:51.448382+0800 -       Feature    Entity  Avg_sent                                        Descriptors  Freq
1     booking    PORTAL       1.0                               reservist, reservist     2
2        ippt      IPPT       1.0  that, very, that, training, here, here, took, did    14
7       guard   SERVICE       1.0                                          give, cat     2
8     service   SERVICE       0.0                  public, stellar, expect, bad, bad     5
9     medical   MEDICAL       1.0  checkuptoday, screening, is, conditions, offic...    17
11         mo   MEDICAL       1.0                                        seemed, try     2
12      medic   MEDICAL       1.0                                       professional     1
13     people   SERVICE       0.0  reviews, want, worse, friendly, here, rude, pa...    19
15      place  LOCATION       0.0  not, good, great, fun, clean, good, great, gre...    20
17  locations  LOCATION       1.0                                 inconvenient, seen     1
2021-04-12T18:24:51.794351+0800 -      Entity  Avg_sent  Freq
0      CAMP  2.000000     8
1      CMPB  1.333333     5
2      IPPT  1.000000    14
3  LOCATION  1.000000    28
4   MEDICAL  1.142857    27
5    PORTAL  1.000000     2
6   SERVICE  0.166667    48
2021-04-12T18:24:54.169355+0800 - 
2021-04-12T18:24:59.172944+0800 - 
2021-04-12T18:25:04.178110+0800 - 
2021-04-12T18:25:09.183088+0800 - 
2021-04-12T18:25:14.185707+0800 - 
2021-04-12T18:25:19.191223+0800 - 
2021-04-12T18:25:24.197202+0800 - 
2021-04-13T10:32:06.393102+0800 - 
2021-04-13T10:32:08.480543+0800 - 
Done getting content data from Firebase!
2021-04-13T10:32:11.400789+0800 - 
2021-04-13T10:32:16.469592+0800 - 
2021-04-13T10:32:21.474521+0800 - 
2021-04-13T10:32:26.480829+0800 - 
2021-04-13T10:32:31.486316+0800 - 
2021-04-13T10:32:36.487747+0800 - 
2021-04-13T10:32:41.489115+0800 - 
2021-04-13T10:32:46.493648+0800 - 
2021-04-13T10:32:51.497727+0800 - 
2021-04-13T10:32:56.499936+0800 - 
2021-04-13T10:33:01.500952+0800 - 
2021-04-13T10:33:06.507078+0800 - 
2021-04-13T10:33:11.508666+0800 - 
2021-04-13T10:33:16.510160+0800 - 
2021-04-13T10:33:21.515395+0800 - 
2021-04-13T10:33:26.543725+0800 - 
2021-04-13T10:33:31.545060+0800 - 
2021-04-13T10:33:36.549936+0800 - 
2021-04-13T10:33:41.564564+0800 - 
2021-04-13T10:33:46.589068+0800 - 
2021-04-13T10:33:51.552146+0800 - 
Done extracting entities!
2021-04-13T10:33:51.608212+0800 - 
2021-04-13T10:33:56.611703+0800 - 
2021-04-13T10:34:01.617737+0800 - 
2021-04-13T10:34:06.621484+0800 - 
2021-04-13T10:34:11.624178+0800 - 
2021-04-13T10:34:16.628326+0800 - 
2021-04-13T10:34:21.633234+0800 - 
2021-04-13T10:34:26.635937+0800 - 
2021-04-13T10:34:31.638927+0800 - 
2021-04-13T10:34:36.641121+0800 - 
2021-04-13T10:34:41.643465+0800 - 
2021-04-13T10:34:46.647432+0800 - 
2021-04-13T10:34:51.653455+0800 - 
2021-04-13T10:34:56.659715+0800 - 
2021-04-13T10:35:01.665597+0800 - 
2021-04-13T10:35:06.671616+0800 - 
2021-04-13T10:35:56.359067+0800 - 
2021-04-13T10:35:58.852457+0800 - 
Done getting content data from Firebase!
2021-04-13T10:36:01.366969+0800 - 
2021-04-13T10:36:06.373088+0800 - 
2021-04-13T10:36:11.379752+0800 - 
2021-04-13T10:36:16.389690+0800 - 
2021-04-13T10:36:21.393044+0800 - 
2021-04-13T10:36:26.396818+0800 - 
2021-04-13T10:36:31.402218+0800 - 
2021-04-13T10:36:36.408303+0800 - 
2021-04-13T10:36:41.413741+0800 - 
2021-04-13T10:36:46.419442+0800 - 
2021-04-13T10:36:51.425363+0800 - 
2021-04-13T10:36:56.429433+0800 - 
2021-04-13T10:37:01.430479+0800 - 
2021-04-13T10:37:06.434891+0800 - 
2021-04-13T10:37:11.437809+0800 - 
2021-04-13T10:37:16.442716+0800 - 
2021-04-13T10:37:21.447460+0800 - 
2021-04-13T10:37:26.456534+0800 - 
2021-04-13T10:37:31.507931+0800 - 
2021-04-13T10:37:36.519828+0800 - 
2021-04-13T10:37:40.568991+0800 - 
Done extracting entities!
2021-04-13T10:37:41.549652+0800 - 
2021-04-13T10:37:46.551801+0800 - 
2021-04-13T10:37:51.558121+0800 - 
2021-04-13T10:37:56.563287+0800 - 
2021-04-13T10:38:01.564237+0800 - 
2021-04-13T10:38:06.568486+0800 - 
2021-04-13T10:38:11.573964+0800 - 
2021-04-13T10:38:16.577142+0800 - 
2021-04-13T10:38:21.582286+0800 - 
2021-04-13T10:38:26.588477+0800 - 
2021-04-13T10:38:31.593783+0800 - 
2021-04-13T10:38:36.597365+0800 - 
2021-04-13T10:38:41.599034+0800 - 
2021-04-13T10:38:46.600545+0800 - 
2021-04-13T10:39:37.437957+0800 - 
2021-04-13T10:39:42.141498+0800 - 
Done getting content data from Firebase!
2021-04-13T10:39:42.460668+0800 - 
2021-04-13T10:39:47.491340+0800 - 
2021-04-13T10:39:52.493024+0800 - 
2021-04-13T10:39:57.500712+0800 - 
2021-04-13T10:40:02.503093+0800 - 
2021-04-13T10:40:07.509300+0800 - 
2021-04-13T10:40:12.511441+0800 - 
2021-04-13T10:40:17.517084+0800 - 
2021-04-13T10:40:22.524431+0800 - 
2021-04-13T10:40:27.529488+0800 - 
2021-04-13T10:40:32.532907+0800 - 
2021-04-13T10:40:37.540048+0800 - 
2021-04-13T10:40:42.543050+0800 - 
2021-04-13T10:40:47.546284+0800 - 
2021-04-13T10:40:52.551587+0800 - 
2021-04-13T10:40:57.556270+0800 - 
2021-04-13T10:41:02.557713+0800 - 
2021-04-13T10:41:07.562021+0800 - 
2021-04-13T10:41:12.566688+0800 - 
2021-04-13T10:41:17.572032+0800 - 
2021-04-13T10:41:22.576056+0800 - 
2021-04-13T10:41:27.580975+0800 - 
2021-04-13T10:41:32.586732+0800 - 
2021-04-13T10:41:37.597847+0800 - 
2021-04-13T10:41:42.618879+0800 - 
2021-04-13T10:41:47.654127+0800 - 
2021-04-13T10:41:48.396304+0800 - 
Done extracting entities!
2021-04-13T10:41:48.964862+0800 -       Feature    Entity  Avg_sent                                        Descriptors  Freq
1     booking    PORTAL       1.0                               reservist, reservist     2
2        ippt      IPPT       1.0  that, very, that, training, here, here, took, did    14
7       guard   SERVICE       1.0                                          give, cat     2
8     service   SERVICE       0.0                  public, stellar, expect, bad, bad     5
9     medical   MEDICAL       1.0  checkuptoday, screening, is, conditions, offic...    17
11         mo   MEDICAL       1.0                                        seemed, try     2
12      medic   MEDICAL       1.0                                       professional     1
13     people   SERVICE       0.0  reviews, want, worse, friendly, here, rude, pa...    19
15      place  LOCATION       0.0  not, good, great, fun, clean, good, great, gre...    20
17  locations  LOCATION       1.0                                 inconvenient, seen     1
2021-04-13T10:41:49.394787+0800 -      Entity  Avg_sent  Freq
0      CAMP  2.000000     8
1      CMPB  1.333333     5
2      IPPT  1.000000    14
3  LOCATION  1.000000    28
4   MEDICAL  1.142857    27
5    PORTAL  1.000000     2
6   SERVICE  0.166667    48
2021-04-13T10:41:52.682850+0800 - 
2021-04-13T10:41:57.689478+0800 - 
2021-04-13T10:42:02.694353+0800 - 
2021-04-13T10:42:07.700218+0800 - 
2021-04-13T10:42:12.701991+0800 - 
2021-04-13T10:42:17.714632+0800 - 
2021-04-13T10:42:22.722588+0800 - 
2021-04-13T10:42:27.735114+0800 - 
2021-04-13T10:42:32.739467+0800 - 
2021-04-13T10:42:37.745948+0800 - 
2021-04-13T10:42:42.751271+0800 - 
2021-04-13T10:42:47.753486+0800 - 
