2021-04-07T12:48:49.611398+0800 - Scraped Google Reviews for CMPB
2021-04-07T12:48:49.804079+0800 - 
2021-04-07T12:48:54.806866+0800 - 
2021-04-07T12:48:59.812485+0800 - 
2021-04-07T12:49:04.818062+0800 - 
2021-04-07T12:49:09.822161+0800 - 
2021-04-07T12:49:14.827295+0800 - 
2021-04-07T13:17:17.033364+0800 - 
2021-04-07T13:17:22.040445+0800 - 
2021-04-07T13:17:27.047516+0800 - 
2021-04-07T13:17:32.053113+0800 - 
2021-04-07T13:18:58.209588+0800 - 
2021-04-07T13:19:03.215924+0800 - 
2021-04-07T13:19:08.220440+0800 - 
2021-04-07T13:19:13.222937+0800 - 
2021-04-07T13:19:18.228859+0800 - 
2021-04-07T13:19:23.234064+0800 - 
2021-04-07T13:19:28.240633+0800 - 
2021-04-07T13:25:52.510403+0800 - Scraped Google Reviews for CMPB
2021-04-07T13:26:02.568117+0800 - Scraped Google Reviews for 
2021-04-07T13:26:11.782166+0800 - Scraped Google Reviews for 
2021-04-07T13:26:22.019546+0800 - Scraped Google Reviews for 
2021-04-07T13:26:54.536340+0800 - Scraped Google Reviews for 
2021-04-07T13:27:17.429542+0800 - Scraped FFI
2021-04-07T13:27:31.912181+0800 - Scraped Pes_D_dilemma
2021-04-07T13:28:21.838384+0800 - Scraped reservist
2021-04-07T13:30:50.044017+0800 - Scraped IPPT_IPT_RT
2021-04-07T13:31:03.927275+0800 - Scraped CMPB
2021-04-07T13:31:15.327086+0800 - 
2021-04-07T13:31:20.333294+0800 - 
2021-04-07T13:31:25.339875+0800 - 
2021-04-07T13:31:30.343406+0800 - 
2021-04-07T13:31:35.348374+0800 - 
2021-04-07T13:31:40.353859+0800 - 
2021-04-07T13:31:45.361083+0800 - 
2021-04-07T13:31:50.365937+0800 - 
2021-04-07T13:31:55.370364+0800 - 
2021-04-07T13:32:00.375092+0800 - 
2021-04-07T13:32:05.378582+0800 - 
2021-04-07T13:32:10.383407+0800 - 
2021-04-07T13:32:15.387158+0800 - 
2021-04-07T13:32:20.394537+0800 - 
2021-04-07T13:32:25.400801+0800 - 
2021-04-07T13:32:30.405938+0800 - 
2021-04-07T13:32:35.409327+0800 - 
2021-04-07T13:32:40.414849+0800 - 
2021-04-07T13:32:45.419545+0800 - 
2021-04-07T13:32:50.423667+0800 - 
2021-04-07T13:32:55.426606+0800 - 
2021-04-07T13:33:00.429989+0800 - 
2021-04-07T13:33:05.436537+0800 - 
2021-04-07T13:33:10.441651+0800 - 
2021-04-07T13:33:15.443448+0800 - 
2021-04-07T13:33:20.446589+0800 - 
2021-04-07T13:33:25.451356+0800 - 
2021-04-07T13:33:30.457539+0800 - 
2021-04-07T13:33:35.464219+0800 - 
2021-04-07T13:33:40.465972+0800 - 
2021-04-07T13:33:45.471102+0800 - 
2021-04-07T13:33:50.474893+0800 - 
2021-04-07T13:33:55.479172+0800 - 
2021-04-07T13:34:00.481436+0800 - 
2021-04-07T13:34:05.486422+0800 - 
2021-04-07T13:34:10.492594+0800 - 
2021-04-07T13:34:15.495312+0800 - 
2021-04-07T13:34:20.502747+0800 - 
2021-04-07T13:34:25.504448+0800 - 
2021-04-07T13:34:30.506890+0800 - 
2021-04-07T13:34:35.508631+0800 - 
2021-04-07T13:34:40.513905+0800 - 
2021-04-07T13:34:45.518130+0800 - 
2021-04-07T13:34:50.536695+0800 - 
2021-04-07T13:34:55.542200+0800 - 
2021-04-07T13:35:00.544346+0800 - 
2021-04-07T13:35:05.548891+0800 - 
2021-04-07T13:35:10.554261+0800 - 
2021-04-07T13:35:15.558078+0800 - 
2021-04-07T13:35:20.559461+0800 - 
2021-04-07T13:35:25.561931+0800 - 
2021-04-07T13:35:30.567756+0800 - 
2021-04-07T13:35:35.569444+0800 - 
2021-04-07T13:35:40.575145+0800 - 
2021-04-07T13:35:45.579460+0800 - 
2021-04-07T13:35:50.583506+0800 - 
2021-04-07T13:35:55.584968+0800 - 
2021-04-07T13:36:00.587150+0800 - 
2021-04-07T13:36:05.593012+0800 - 
2021-04-07T13:36:10.597833+0800 - 
2021-04-07T13:36:15.601898+0800 - 
2021-04-07T13:36:20.605942+0800 - 
2021-04-07T13:36:25.612201+0800 - 
2021-04-07T13:36:30.617260+0800 - 
2021-04-07T13:36:35.626052+0800 - 
2021-04-07T13:36:40.627860+0800 - 
2021-04-07T13:36:45.633454+0800 - 
2021-04-07T13:36:50.638296+0800 - 
2021-04-07T13:36:55.644365+0800 - 
2021-04-07T13:37:00.650132+0800 - 
2021-04-07T13:37:05.654546+0800 - 
2021-04-07T13:37:10.659597+0800 - 
2021-04-07T13:37:15.662357+0800 - 
2021-04-07T13:37:20.666426+0800 - 
2021-04-07T13:37:25.671379+0800 - 
2021-04-07T13:37:30.676191+0800 - 
2021-04-07T13:37:35.679565+0800 - 
2021-04-07T13:37:40.685476+0800 - 
2021-04-07T13:37:45.689829+0800 - 
2021-04-07T13:37:50.696693+0800 - 
2021-04-07T13:37:55.701287+0800 - 
2021-04-07T13:38:00.703126+0800 - 
2021-04-07T13:38:05.708777+0800 - 
2021-04-07T13:42:58.371936+0800 - 
2021-04-07T13:43:03.379112+0800 - 
2021-04-07T13:43:08.383501+0800 - 
2021-04-07T13:43:13.388077+0800 - 
2021-04-07T13:43:14.864467+0800 - Scraped Google Reviews for CMPB
2021-04-07T13:43:18.393149+0800 - 
2021-04-07T13:43:23.395412+0800 - 
2021-04-07T13:43:24.242087+0800 - Scraped Google Reviews for 
2021-04-07T13:43:28.402061+0800 - 
2021-04-07T13:43:32.763629+0800 - Scraped Google Reviews for 
2021-04-07T13:43:33.405124+0800 - 
2021-04-07T13:43:38.411482+0800 - 
2021-04-07T13:43:43.189392+0800 - Scraped Google Reviews for 
2021-04-07T13:43:43.413258+0800 - 
2021-04-07T13:43:48.418439+0800 - 
2021-04-07T13:43:53.421069+0800 - 
2021-04-07T13:43:58.424731+0800 - 
2021-04-07T13:44:03.426304+0800 - 
2021-04-07T13:44:08.431626+0800 - 
2021-04-07T13:44:13.437500+0800 - 
2021-04-07T13:44:16.646378+0800 - Scraped Google Reviews for 
2021-04-07T13:44:18.439106+0800 - 
2021-04-07T13:44:23.443731+0800 - 
2021-04-07T13:44:28.451634+0800 - 
2021-04-07T13:44:33.458594+0800 - 
2021-04-07T13:44:37.483398+0800 - 
2021-04-07T13:44:38.463206+0800 - 
2021-04-07T13:44:39.821075+0800 - Scraped FFI
2021-04-07T13:44:42.488864+0800 - 
